<?xml version="1.0" encoding="UTF-8"?>
<!-- Generated by org.testng.reporters.JUnitReportReporter -->
<testsuite hostname="IN-B10D5S3" failures="0" tests="5" name="tests.TestScenario4" time="131.091" errors="0" timestamp="2024-06-12T14:23:11 IST" skipped="0">
  <testcase classname="tests.TestScenario4" name="testSearch" time="38.342"/>
  <system-out/>
  <testcase classname="tests.TestScenario4" name="testBackToTome" time="24.040"/>
  <system-out/>
  <testcase classname="tests.TestScenario4" name="testClearTrip" time="23.006"/>
  <system-out/>
  <testcase classname="tests.TestScenario4" name="testGiftCards" time="23.703"/>
  <system-out/>
  <testcase classname="tests.TestScenario4" name="testCancellation" time="22.000"/>
  <system-out/>
</testsuite> <!-- tests.TestScenario4 -->
