<?xml version="1.0" encoding="UTF-8"?>
<!-- Generated by org.testng.reporters.JUnitReportReporter -->
<testsuite hostname="IN-380D5S3" failures="0" tests="1" name="tests.TestScenario1" time="32.269" errors="0" timestamp="2024-05-21T20:52:46 IST" skipped="0">
  <testcase classname="tests.TestScenario1" name="testSearch" time="32.269"/>
</testsuite> <!-- tests.TestScenario1 -->
