<?xml version="1.0" encoding="UTF-8"?>
<!-- Generated by org.testng.reporters.JUnitReportReporter -->
<testsuite hostname="IN-B10D5S3" failures="0" tests="1" name="tests.LoginTest" time="27.504" errors="0" timestamp="2024-06-12T14:23:11 IST" skipped="0">
  <testcase classname="tests.LoginTest" name="testLogin" time="27.504"/>
  <system-out/>
</testsuite> <!-- tests.LoginTest -->
