<?xml version="1.0" encoding="UTF-8"?>
<!-- Generated by org.testng.reporters.JUnitReportReporter -->
<testsuite hostname="IN-380D5S3" failures="0" tests="1" name="tests.FlipkartSearchTest" time="8.625" errors="0" timestamp="2024-05-13T20:44:14 IST" skipped="0">
  <testcase classname="tests.FlipkartSearchTest" name="testSearch" time="8.625"/>
</testsuite> <!-- tests.FlipkartSearchTest -->
