<?xml version="1.0" encoding="UTF-8"?>
<!-- Generated by org.testng.reporters.JUnitReportReporter -->
<testsuite hostname="IN-B10D5S3" failures="0" tests="1" name="tests.GroceryTestPage" time="31.740" errors="0" timestamp="2024-06-12T21:19:01 IST" skipped="0">
  <testcase classname="tests.GroceryTestPage" name="testGroceryPage" time="31.740"/>
  <system-out/>
</testsuite> <!-- tests.GroceryTestPage -->
