<?xml version="1.0" encoding="UTF-8"?>
<!-- Generated by org.testng.reporters.JUnitReportReporter -->
<testsuite hostname="IN-B10D5S3" failures="0" tests="1" name="tests.MobilePageTest" time="24.277" errors="0" timestamp="2024-06-12T14:23:11 IST" skipped="0">
  <testcase classname="tests.MobilePageTest" name="testMobilePage" time="24.277"/>
  <system-out/>
</testsuite> <!-- tests.MobilePageTest -->
