<?xml version="1.0" encoding="UTF-8"?>
<!-- Generated by org.testng.reporters.JUnitReportReporter -->
<testsuite hostname="IN-B10D5S3" failures="0" tests="1" name="tests.AppliancesTestPage" time="23.013" errors="0" timestamp="2024-06-12T14:23:11 IST" skipped="0">
  <testcase classname="tests.AppliancesTestPage" name="testAppliancesPage" time="23.013"/>
  <system-out/>
</testsuite> <!-- tests.AppliancesTestPage -->
