<?xml version="1.0" encoding="UTF-8"?>
<!-- Generated by org.testng.reporters.JUnitReportReporter -->
<testsuite hostname="IN-B10D5S3" failures="0" tests="5" name="tests.TestScenario3" time="142.567" errors="0" timestamp="2024-06-12T14:23:11 IST" skipped="0">
  <testcase classname="tests.TestScenario3" name="testShopsy" time="54.222"/>
  <system-out/>
  <testcase classname="tests.TestScenario3" name="testNotification" time="22.501"/>
  <system-out/>
  <testcase classname="tests.TestScenario3" name="testMyntraPage" time="19.898"/>
  <system-out/>
  <testcase classname="tests.TestScenario3" name="testTermsOfUseLink" time="22.481"/>
  <system-out/>
  <testcase classname="tests.TestScenario3" name="testOfferZone" time="23.465"/>
  <system-out/>
</testsuite> <!-- tests.TestScenario3 -->
