<?xml version="1.0" encoding="UTF-8"?>
<!-- Generated by org.testng.reporters.JUnitReportReporter -->
<testsuite hostname="IN-B10D5S3" failures="0" tests="5" name="tests.TestScenario3" time="148.545" errors="0" timestamp="2024-06-12T21:31:40 IST" skipped="0">
  <testcase classname="tests.TestScenario3" name="testShopsy" time="53.064"/>
  <testcase classname="tests.TestScenario3" name="testNotification" time="25.306"/>
  <testcase classname="tests.TestScenario3" name="testMyntraPage" time="21.775"/>
  <testcase classname="tests.TestScenario3" name="testTermsOfUseLink" time="22.093"/>
  <testcase classname="tests.TestScenario3" name="testOfferZone" time="26.307"/>
</testsuite> <!-- tests.TestScenario3 -->
