<?xml version="1.0" encoding="UTF-8"?>
<!-- Generated by org.testng.reporters.JUnitReportReporter -->
<testsuite hostname="IN-B10D5S3" failures="0" tests="1" name="tests.AddtocartTest" time="68.517" errors="0" timestamp="2024-06-12T21:31:40 IST" skipped="0">
  <testcase classname="tests.AddtocartTest" name="testSearch" time="68.517"/>
</testsuite> <!-- tests.AddtocartTest -->
