<?xml version="1.0" encoding="UTF-8"?>
<!-- Generated by org.testng.reporters.JUnitReportReporter -->
<testsuite hostname="IN-B10D5S3" failures="0" tests="1" name="tests.SearchProduct" time="39.464" errors="0" timestamp="2024-06-12T21:31:40 IST" skipped="0">
  <testcase classname="tests.SearchProduct" name="testSearch" time="39.464"/>
</testsuite> <!-- tests.SearchProduct -->
