<?xml version="1.0" encoding="UTF-8"?>
<!-- Generated by org.testng.reporters.JUnitReportReporter -->
<testsuite hostname="IN-B10D5S3" failures="0" tests="5" name="tests.TestScenario4" time="133.747" errors="0" timestamp="2024-06-12T21:31:40 IST" skipped="0">
  <testcase classname="tests.TestScenario4" name="testSearch" time="38.567"/>
  <testcase classname="tests.TestScenario4" name="testBackToTome" time="24.145"/>
  <testcase classname="tests.TestScenario4" name="testClearTrip" time="21.324"/>
  <testcase classname="tests.TestScenario4" name="testGiftCards" time="25.735"/>
  <testcase classname="tests.TestScenario4" name="testCancellation" time="23.976"/>
</testsuite> <!-- tests.TestScenario4 -->
